<?xml version="1.0" encoding="UTF-8"?>
<!-- Generated by org.testng.reporters.JUnitReportReporter -->
<testsuite hostname="DESKTOP-11A1VRM1" failures="0" tests="3" name="practiceTestNG.DataProvider3Array" time="0.022" errors="0" timestamp="2025-06-02T11:41:08 IST" skipped="0">
  <testcase classname="practiceTestNG.DataProvider3Array" name="CreateContactTest" time="0.016"/>
  <system-out/>
  <testcase classname="practiceTestNG.DataProvider3Array" name="CreateContactTest" time="0.004"/>
  <system-out/>
  <testcase classname="practiceTestNG.DataProvider3Array" name="CreateContactTest" time="0.002"/>
  <system-out/>
</testsuite> <!-- practiceTestNG.DataProvider3Array -->
