<?xml version="1.0" encoding="UTF-8"?>
<!-- Generated by org.testng.reporters.JUnitReportReporter -->
<testsuite hostname="DESKTOP-11A1VRM1" failures="0" tests="1" name="practicedatadriventesting.SampleUnitTestCheckProjectInBackEnd" time="0.691" errors="0" timestamp="2025-05-19T15:53:43 IST" skipped="0">
  <testcase classname="practicedatadriventesting.SampleUnitTestCheckProjectInBackEnd" name="projectCheckTest" time="0.691"/>
  <system-out/>
</testsuite> <!-- practicedatadriventesting.SampleUnitTestCheckProjectInBackEnd -->
