<?xml version="1.0" encoding="UTF-8"?>
<!-- Generated by org.testng.reporters.JUnitReportReporter -->
<testsuite hostname="DESKTOP-11A1VRM1" failures="0" tests="1" name="practice.Reporter.loghomePageTest.ReporterLogTest" time="12.757" errors="0" timestamp="2025-06-09T15:16:11 IST" skipped="0">
  <testcase classname="practice.Reporter.loghomePageTest.ReporterLogTest" name="ReporterLogTest" time="12.757"/>
  <system-out>
    <![CDATA[Home
step--1
step--2
step--3
step--4
step--5
Home
step--1
step--2
step--3
step--4
step--5]]>
  </system-out>
</testsuite> <!-- practice.Reporter.loghomePageTest.ReporterLogTest -->
