<?xml version="1.0" encoding="UTF-8"?>
<!-- Generated by org.testng.reporters.JUnitReportReporter -->
<testsuite hostname="DESKTOP-11A1VRM1" failures="0" tests="2" name="com.CRM.Generic.BaseUtility.CreateContactTest" time="0.017" errors="0" timestamp="2025-06-03T18:13:31 IST" skipped="0">
  <testcase classname="com.CRM.Generic.BaseUtility.CreateContactTest" name="CreateContactTest" time="0.012"/>
  <system-out/>
  <testcase classname="com.CRM.Generic.BaseUtility.CreateContactTest" name="CreatecontactWithDateTest" time="0.005"/>
  <system-out/>
</testsuite> <!-- com.CRM.Generic.BaseUtility.CreateContactTest -->
