<?xml version="1.0" encoding="UTF-8"?>
<!-- Generated by org.testng.reporters.JUnitReportReporter -->
<testsuite hostname="DESKTOP-11A1VRM1" failures="0" tests="2" name="com.CRM.Generic.BaseUtility.CreateOrgTest" time="0.504" errors="0" timestamp="2025-06-04T09:44:24 IST" skipped="0">
  <testcase classname="com.CRM.Generic.BaseUtility.CreateOrgTest" name="CreateorgTest" time="0.140"/>
  <system-out/>
  <testcase classname="com.CRM.Generic.BaseUtility.CreateOrgTest" name="CreateWithindustryTest" time="0.364"/>
  <system-out/>
</testsuite> <!-- com.CRM.Generic.BaseUtility.CreateOrgTest -->
