<?xml version="1.0" encoding="UTF-8"?>
<!-- Generated by org.testng.reporters.JUnitReportReporter -->
<testsuite hostname="DESKTOP-11A1VRM1" failures="0" tests="1" name="practicepomrepository.SampletestWithPom" time="10.406" errors="0" timestamp="2025-05-28T13:31:10 IST" skipped="0">
  <testcase classname="practicepomrepository.SampletestWithPom" name="sampleTest" time="10.406"/>
  <system-out/>
</testsuite> <!-- practicepomrepository.SampletestWithPom -->
