<?xml version="1.0" encoding="UTF-8"?>
<!-- Generated by org.testng.reporters.JUnitReportReporter -->
<testsuite hostname="DESKTOP-11A1VRM1" failures="0" tests="1" name="practiceBasic.AutoHealing" time="4.283" errors="0" timestamp="2025-05-30T09:58:57 IST" skipped="0">
  <testcase classname="practiceBasic.AutoHealing" name="sampleTest" time="4.283"/>
  <system-out/>
</testsuite> <!-- practiceBasic.AutoHealing -->
