<?xml version="1.0" encoding="UTF-8"?>
<!-- Generated by org.testng.reporters.JUnitReportReporter -->
<testsuite hostname="DESKTOP-11A1VRM1" failures="0" tests="13" name="practiceTestNG.SampleTestNG" time="0.046" errors="0" timestamp="2025-06-02T10:34:16 IST" skipped="1">
  <testcase classname="practiceTestNG.SampleTestNG" name="SampleTestNG3" time="0.005"/>
  <system-out/>
  <testcase classname="practiceTestNG.SampleTestNG" name="SampleTestNG3" time="0.002"/>
  <system-out/>
  <testcase classname="practiceTestNG.SampleTestNG" name="SampleTestNG3" time="0.005"/>
  <system-out/>
  <testcase classname="practiceTestNG.SampleTestNG" name="SampleTestNG1" time="0.011"/>
  <system-out/>
  <testcase classname="practiceTestNG.SampleTestNG" name="SampleTestNG2" time="0.001"/>
  <system-out/>
  <testcase classname="practiceTestNG.SampleTestNG" name="SampleTestNG3" time="0.001"/>
  <system-out/>
  <testcase classname="practiceTestNG.SampleTestNG" name="SampleTestNG3" time="0.003"/>
  <system-out/>
  <testcase classname="practiceTestNG.SampleTestNG" name="SampleTestNG3" time="0.002"/>
  <system-out/>
  <testcase classname="practiceTestNG.SampleTestNG" name="SampleTestNG3" time="0.003"/>
  <system-out/>
  <testcase classname="practiceTestNG.SampleTestNG" name="SampleTestNG3" time="0.003"/>
  <system-out/>
  <testcase classname="practiceTestNG.SampleTestNG" name="SampleTestNG3" time="0.009"/>
  <system-out/>
  <testcase classname="practiceTestNG.SampleTestNG" name="SampleTestNG3" time="0.001"/>
  <system-out/>
  <testcase classname="practiceTestNG.SampleTestNG" name="SampleTestNG4">
    <skipped/>
  </testcase> <!-- SampleTestNG4 -->
  <system-out/>
</testsuite> <!-- practiceTestNG.SampleTestNG -->
