<?xml version="1.0" encoding="UTF-8"?>
<!-- Generated by org.testng.reporters.JUnitReportReporter -->
<testsuite hostname="DESKTOP-11A1VRM1" failures="0" tests="1" name="practicedatadriventesting.SampleUnitTestCheckProjectInBackEndDB" time="0.751" errors="0" timestamp="2025-05-25T19:27:07 IST" skipped="0">
  <testcase classname="practicedatadriventesting.SampleUnitTestCheckProjectInBackEndDB" name="projectCheckTest" time="0.751"/>
  <system-out/>
</testsuite> <!-- practicedatadriventesting.SampleUnitTestCheckProjectInBackEndDB -->
