<?xml version="1.0" encoding="UTF-8"?>
<!-- Generated by org.testng.reporters.JUnitReportReporter -->
<testsuite hostname="DESKTOP-11A1VRM1" failures="0" tests="1" name="practicedatadriventesting.CreateOrgTestJSON" time="24.335" errors="0" timestamp="2025-05-16T11:52:29 IST" skipped="0">
  <testcase classname="practicedatadriventesting.CreateOrgTestJSON" name="CreateOrgTest" time="24.335"/>
  <system-out/>
</testsuite> <!-- practicedatadriventesting.CreateOrgTestJSON -->
