<?xml version="1.0" encoding="UTF-8"?>
<!-- Generated by org.testng.reporters.JUnitReportReporter -->
<testsuite hostname="DESKTOP-11A1VRM1" failures="0" tests="1" name="practice.Screenshot.SampletestForScreenShot" time="5.623" errors="0" timestamp="2025-06-09T15:50:01 IST" skipped="0">
  <testcase classname="practice.Screenshot.SampletestForScreenShot" name="Screenshot" time="5.623"/>
  <system-out/>
</testsuite> <!-- practice.Screenshot.SampletestForScreenShot -->
