<?xml version="1.0" encoding="UTF-8"?>
<!-- Generated by org.testng.reporters.JUnitReportReporter -->
<testsuite hostname="DESKTOP-11A1VRM1" failures="0" tests="2" name="practiceTestNG.CreateContactBaseTest" time="0.015" errors="0" timestamp="2025-06-02T16:44:13 IST" skipped="0">
  <testcase classname="practiceTestNG.CreateContactBaseTest" name="CreateConOfIndustry" time="0.010"/>
  <system-out/>
  <testcase classname="practiceTestNG.CreateContactBaseTest" name="CreateConOfTest" time="0.005"/>
  <system-out/>
</testsuite> <!-- practiceTestNG.CreateContactBaseTest -->
