<?xml version="1.0" encoding="UTF-8"?>
<!-- Generated by org.testng.reporters.JUnitReportReporter -->
<testsuite hostname="DESKTOP-11A1VRM1" failures="0" tests="2" name="practiceTestNG.CreateOrgBaseTest" time="0.013" errors="0" timestamp="2025-06-02T16:44:13 IST" skipped="0">
  <testcase classname="practiceTestNG.CreateOrgBaseTest" name="CreateorgOfIndustry" time="0.005"/>
  <system-out/>
  <testcase classname="practiceTestNG.CreateOrgBaseTest" name="CreateorgOfTest" time="0.008"/>
  <system-out/>
</testsuite> <!-- practiceTestNG.CreateOrgBaseTest -->
