<?xml version="1.0" encoding="UTF-8"?>
<!-- Generated by org.testng.reporters.JUnitReportReporter -->
<testsuite hostname="DESKTOP-11A1VRM1" failures="0" tests="1" name="practicedatadriventesting.ReadDataFropmTextNGXMLTest" time="0.013" errors="0" timestamp="2025-05-25T19:25:12 IST" skipped="0">
  <testcase classname="practicedatadriventesting.ReadDataFropmTextNGXMLTest" name="sampleTest" time="0.013"/>
  <system-out/>
</testsuite> <!-- practicedatadriventesting.ReadDataFropmTextNGXMLTest -->
