<?xml version="1.0" encoding="UTF-8"?>
<!-- Generated by org.testng.reporters.JUnitReportReporter -->
<testsuite hostname="DESKTOP-11A1VRM1" failures="0" tests="3" name="sampleReportTest.SampleReportTest" time="0.032" errors="0" timestamp="2025-06-12T10:20:12 IST" skipped="0">
  <testcase classname="sampleReportTest.SampleReportTest" name="createcontactwithPhoneNoTest" time="0.005"/>
  <system-out/>
  <testcase classname="sampleReportTest.SampleReportTest" name="createcontactTest" time="0.022"/>
  <system-out/>
  <testcase classname="sampleReportTest.SampleReportTest" name="createcontactwithORGTest" time="0.005"/>
  <system-out/>
</testsuite> <!-- sampleReportTest.SampleReportTest -->
