<?xml version="1.0" encoding="UTF-8"?>
<!-- Generated by org.testng.reporters.JUnitReportReporter -->
<testsuite hostname="DESKTOP-11A1VRM1" failures="0" tests="1" name="practicedatadriventesting.ReadRunTimeMavenParameterCMDTest" time="0.012" errors="0" timestamp="2025-05-25T19:26:28 IST" skipped="0">
  <testcase classname="practicedatadriventesting.ReadRunTimeMavenParameterCMDTest" name="runtimeparameter" time="0.012"/>
  <system-out/>
</testsuite> <!-- practicedatadriventesting.ReadRunTimeMavenParameterCMDTest -->
