<?xml version="1.0" encoding="UTF-8"?>
<!-- Generated by org.testng.reporters.JUnitReportReporter -->
<testsuite hostname="DESKTOP-11A1VRM1" failures="0" tests="3" name="practiceTestNG.CreateContactDataProviderTest" time="0.018" errors="0" timestamp="2025-06-02T11:19:10 IST" skipped="0">
  <testcase classname="practiceTestNG.CreateContactDataProviderTest" name="CreateContactTest" time="0.005"/>
  <system-out/>
  <testcase classname="practiceTestNG.CreateContactDataProviderTest" name="CreateContactTest" time="0.002"/>
  <system-out/>
  <testcase classname="practiceTestNG.CreateContactDataProviderTest" name="CreateContactTest" time="0.011"/>
  <system-out/>
</testsuite> <!-- practiceTestNG.CreateContactDataProviderTest -->
