<?xml version="1.0" encoding="UTF-8"?>
<!-- Generated by org.testng.reporters.JUnitReportReporter -->
<testsuite hostname="DESKTOP-11A1VRM1" failures="0" tests="1" name="mavenParameter.ContactTest" time="0.015" errors="0" timestamp="2025-06-20T11:35:37 IST" skipped="0">
  <testcase classname="mavenParameter.ContactTest" name="CreateContactTest" time="0.015"/>
  <system-out/>
</testsuite> <!-- mavenParameter.ContactTest -->
