<?xml version="1.0" encoding="UTF-8"?>
<!-- Generated by org.testng.reporters.JUnitReportReporter -->
<testsuite hostname="DESKTOP-11A1VRM1" failures="0" tests="1" name="pact1.ContactTest" time="0.014" errors="0" timestamp="2025-06-20T11:38:10 IST" skipped="0">
  <testcase classname="pact1.ContactTest" name="CreateContactTest" time="0.014"/>
  <system-out/>
</testsuite> <!-- pact1.ContactTest -->
